0 info it worked if it ends with ok
1 verbose cli [ 'D:\\nodejs\\node.exe',
1 verbose cli   'C:\\Users\\krishnaraju\\AppData\\Roaming\\npm\\node_modules\\npm\\bin\\npm-cli.js',
1 verbose cli   'install',
1 verbose cli   '-g',
1 verbose cli   'bufferutil',
1 verbose cli   '--save' ]
2 info using npm@3.10.9
3 info using node@v6.8.1
4 silly loadCurrentTree Starting
5 silly install loadCurrentTree
6 silly install readGlobalPackageData
7 silly fetchPackageMetaData bufferutil
8 silly fetchNamedPackageData bufferutil
9 silly mapToRegistry name bufferutil
10 silly mapToRegistry using default registry
11 silly mapToRegistry registry https://registry.npmjs.org/
12 silly mapToRegistry data Result {
12 silly mapToRegistry   raw: 'bufferutil',
12 silly mapToRegistry   scope: null,
12 silly mapToRegistry   escapedName: 'bufferutil',
12 silly mapToRegistry   name: 'bufferutil',
12 silly mapToRegistry   rawSpec: '',
12 silly mapToRegistry   spec: 'latest',
12 silly mapToRegistry   type: 'tag' }
13 silly mapToRegistry uri https://registry.npmjs.org/bufferutil
14 verbose request uri https://registry.npmjs.org/bufferutil
15 verbose request no auth needed
16 info attempt registry request try #1 at 11:36:35 AM
17 verbose request id c7eb67c30ec68324
18 verbose etag "6CKCZ3GK2OCOMG5EA98XR44G4"
19 http request GET https://registry.npmjs.org/bufferutil
20 http 304 https://registry.npmjs.org/bufferutil
21 verbose headers { date: 'Tue, 18 Oct 2016 06:06:49 GMT',
21 verbose headers   via: '1.1 varnish',
21 verbose headers   'cache-control': 'max-age=300',
21 verbose headers   etag: '"6CKCZ3GK2OCOMG5EA98XR44G4"',
21 verbose headers   age: '109',
21 verbose headers   connection: 'keep-alive',
21 verbose headers   'x-served-by': 'cache-cdg8729-CDG',
21 verbose headers   'x-cache': 'HIT',
21 verbose headers   'x-cache-hits': '1',
21 verbose headers   'x-timer': 'S1476770809.779746,VS0,VE0',
21 verbose headers   vary: 'Accept-Encoding' }
22 silly get cb [ 304,
22 silly get   { date: 'Tue, 18 Oct 2016 06:06:49 GMT',
22 silly get     via: '1.1 varnish',
22 silly get     'cache-control': 'max-age=300',
22 silly get     etag: '"6CKCZ3GK2OCOMG5EA98XR44G4"',
22 silly get     age: '109',
22 silly get     connection: 'keep-alive',
22 silly get     'x-served-by': 'cache-cdg8729-CDG',
22 silly get     'x-cache': 'HIT',
22 silly get     'x-cache-hits': '1',
22 silly get     'x-timer': 'S1476770809.779746,VS0,VE0',
22 silly get     vary: 'Accept-Encoding' } ]
23 verbose etag https://registry.npmjs.org/bufferutil from cache
24 verbose get saving bufferutil to C:\Users\krishnaraju\AppData\Roaming\npm-cache\registry.npmjs.org\bufferutil\.cache.json
25 verbose correctMkdir C:\Users\krishnaraju\AppData\Roaming\npm-cache correctMkdir not in flight; initializing
26 silly install normalizeTree
27 silly loadCurrentTree Finishing
28 silly loadIdealTree Starting
29 silly install loadIdealTree
30 silly cloneCurrentTree Starting
31 silly install cloneCurrentTreeToIdealTree
32 silly cloneCurrentTree Finishing
33 silly loadShrinkwrap Starting
34 silly install loadShrinkwrap
35 silly loadShrinkwrap Finishing
36 silly loadAllDepsIntoIdealTree Starting
37 silly install loadAllDepsIntoIdealTree
38 silly resolveWithNewModule bufferutil@1.2.1 checking installable status
39 silly cache add args [ 'bufferutil', null ]
40 verbose cache add spec bufferutil
41 silly cache add parsed spec Result {
41 silly cache add   raw: 'bufferutil',
41 silly cache add   scope: null,
41 silly cache add   escapedName: 'bufferutil',
41 silly cache add   name: 'bufferutil',
41 silly cache add   rawSpec: '',
41 silly cache add   spec: 'latest',
41 silly cache add   type: 'tag' }
42 silly addNamed bufferutil@latest
43 verbose addNamed "latest" is being treated as a dist-tag for bufferutil
44 info addNameTag [ 'bufferutil', 'latest' ]
45 silly mapToRegistry name bufferutil
46 silly mapToRegistry using default registry
47 silly mapToRegistry registry https://registry.npmjs.org/
48 silly mapToRegistry data Result {
48 silly mapToRegistry   raw: 'bufferutil',
48 silly mapToRegistry   scope: null,
48 silly mapToRegistry   escapedName: 'bufferutil',
48 silly mapToRegistry   name: 'bufferutil',
48 silly mapToRegistry   rawSpec: '',
48 silly mapToRegistry   spec: 'latest',
48 silly mapToRegistry   type: 'tag' }
49 silly mapToRegistry uri https://registry.npmjs.org/bufferutil
50 verbose addNameTag registry:https://registry.npmjs.org/bufferutil not in flight; fetching
51 verbose get https://registry.npmjs.org/bufferutil not expired, no request
52 silly addNameTag next cb for bufferutil with tag latest
53 silly addNamed bufferutil@1.2.1
54 verbose addNamed "1.2.1" is a plain semver version for bufferutil
55 silly cache afterAdd bufferutil@1.2.1
56 verbose afterAdd C:\Users\krishnaraju\AppData\Roaming\npm-cache\bufferutil\1.2.1\package\package.json not in flight; writing
57 verbose correctMkdir C:\Users\krishnaraju\AppData\Roaming\npm-cache correctMkdir not in flight; initializing
58 verbose afterAdd C:\Users\krishnaraju\AppData\Roaming\npm-cache\bufferutil\1.2.1\package\package.json written
59 silly fetchNamedPackageData bindings
60 silly mapToRegistry name bindings
61 silly mapToRegistry using default registry
62 silly mapToRegistry registry https://registry.npmjs.org/
63 silly mapToRegistry data Result {
63 silly mapToRegistry   raw: 'bindings',
63 silly mapToRegistry   scope: null,
63 silly mapToRegistry   escapedName: 'bindings',
63 silly mapToRegistry   name: 'bindings',
63 silly mapToRegistry   rawSpec: '',
63 silly mapToRegistry   spec: 'latest',
63 silly mapToRegistry   type: 'tag' }
64 silly mapToRegistry uri https://registry.npmjs.org/bindings
65 silly fetchNamedPackageData nan
66 silly mapToRegistry name nan
67 silly mapToRegistry using default registry
68 silly mapToRegistry registry https://registry.npmjs.org/
69 silly mapToRegistry data Result {
69 silly mapToRegistry   raw: 'nan',
69 silly mapToRegistry   scope: null,
69 silly mapToRegistry   escapedName: 'nan',
69 silly mapToRegistry   name: 'nan',
69 silly mapToRegistry   rawSpec: '',
69 silly mapToRegistry   spec: 'latest',
69 silly mapToRegistry   type: 'tag' }
70 silly mapToRegistry uri https://registry.npmjs.org/nan
71 verbose request uri https://registry.npmjs.org/bindings
72 verbose request no auth needed
73 info attempt registry request try #1 at 11:36:39 AM
74 verbose etag "C1AW6UVQGY4VZQGFC1WTIGMDV"
75 http request GET https://registry.npmjs.org/bindings
76 verbose request uri https://registry.npmjs.org/nan
77 verbose request no auth needed
78 info attempt registry request try #1 at 11:36:39 AM
79 verbose etag "1YJEPM5V4XH0MZT0HV3B8R9BB"
80 http request GET https://registry.npmjs.org/nan
81 http 304 https://registry.npmjs.org/bindings
82 verbose headers { date: 'Tue, 18 Oct 2016 06:06:50 GMT',
82 verbose headers   via: '1.1 varnish',
82 verbose headers   'cache-control': 'max-age=300',
82 verbose headers   etag: '"C1AW6UVQGY4VZQGFC1WTIGMDV"',
82 verbose headers   age: '0',
82 verbose headers   connection: 'keep-alive',
82 verbose headers   'x-served-by': 'cache-cdg8729-CDG',
82 verbose headers   'x-cache': 'HIT',
82 verbose headers   'x-cache-hits': '1',
82 verbose headers   'x-timer': 'S1476770810.849664,VS0,VE376',
82 verbose headers   vary: 'Accept-Encoding' }
83 silly get cb [ 304,
83 silly get   { date: 'Tue, 18 Oct 2016 06:06:50 GMT',
83 silly get     via: '1.1 varnish',
83 silly get     'cache-control': 'max-age=300',
83 silly get     etag: '"C1AW6UVQGY4VZQGFC1WTIGMDV"',
83 silly get     age: '0',
83 silly get     connection: 'keep-alive',
83 silly get     'x-served-by': 'cache-cdg8729-CDG',
83 silly get     'x-cache': 'HIT',
83 silly get     'x-cache-hits': '1',
83 silly get     'x-timer': 'S1476770810.849664,VS0,VE376',
83 silly get     vary: 'Accept-Encoding' } ]
84 verbose etag https://registry.npmjs.org/bindings from cache
85 verbose get saving bindings to C:\Users\krishnaraju\AppData\Roaming\npm-cache\registry.npmjs.org\bindings\.cache.json
86 verbose correctMkdir C:\Users\krishnaraju\AppData\Roaming\npm-cache correctMkdir not in flight; initializing
87 http 304 https://registry.npmjs.org/nan
88 verbose headers { date: 'Tue, 18 Oct 2016 06:06:51 GMT',
88 verbose headers   via: '1.1 varnish',
88 verbose headers   'cache-control': 'max-age=300',
88 verbose headers   etag: '"1YJEPM5V4XH0MZT0HV3B8R9BB"',
88 verbose headers   age: '217',
88 verbose headers   connection: 'keep-alive',
88 verbose headers   'x-served-by': 'cache-cdg8725-CDG',
88 verbose headers   'x-cache': 'HIT',
88 verbose headers   'x-cache-hits': '2',
88 verbose headers   'x-timer': 'S1476770811.258268,VS0,VE0',
88 verbose headers   vary: 'Accept-Encoding' }
89 silly get cb [ 304,
89 silly get   { date: 'Tue, 18 Oct 2016 06:06:51 GMT',
89 silly get     via: '1.1 varnish',
89 silly get     'cache-control': 'max-age=300',
89 silly get     etag: '"1YJEPM5V4XH0MZT0HV3B8R9BB"',
89 silly get     age: '217',
89 silly get     connection: 'keep-alive',
89 silly get     'x-served-by': 'cache-cdg8725-CDG',
89 silly get     'x-cache': 'HIT',
89 silly get     'x-cache-hits': '2',
89 silly get     'x-timer': 'S1476770811.258268,VS0,VE0',
89 silly get     vary: 'Accept-Encoding' } ]
90 verbose etag https://registry.npmjs.org/nan from cache
91 verbose get saving nan to C:\Users\krishnaraju\AppData\Roaming\npm-cache\registry.npmjs.org\nan\.cache.json
92 verbose correctMkdir C:\Users\krishnaraju\AppData\Roaming\npm-cache correctMkdir not in flight; initializing
93 silly resolveWithNewModule bindings@1.2.1 checking installable status
94 silly cache add args [ 'bindings@1.2.x', null ]
95 verbose cache add spec bindings@1.2.x
96 silly cache add parsed spec Result {
96 silly cache add   raw: 'bindings@1.2.x',
96 silly cache add   scope: null,
96 silly cache add   escapedName: 'bindings',
96 silly cache add   name: 'bindings',
96 silly cache add   rawSpec: '1.2.x',
96 silly cache add   spec: '>=1.2.0 <1.3.0',
96 silly cache add   type: 'range' }
97 silly addNamed bindings@>=1.2.0 <1.3.0
98 verbose addNamed ">=1.2.0 <1.3.0" is a valid semver range for bindings
99 silly addNameRange { name: 'bindings', range: '>=1.2.0 <1.3.0', hasData: false }
100 silly mapToRegistry name bindings
101 silly mapToRegistry using default registry
102 silly mapToRegistry registry https://registry.npmjs.org/
103 silly mapToRegistry data Result {
103 silly mapToRegistry   raw: 'bindings',
103 silly mapToRegistry   scope: null,
103 silly mapToRegistry   escapedName: 'bindings',
103 silly mapToRegistry   name: 'bindings',
103 silly mapToRegistry   rawSpec: '',
103 silly mapToRegistry   spec: 'latest',
103 silly mapToRegistry   type: 'tag' }
104 silly mapToRegistry uri https://registry.npmjs.org/bindings
105 verbose addNameRange registry:https://registry.npmjs.org/bindings not in flight; fetching
106 silly resolveWithNewModule nan@2.4.0 checking installable status
107 silly cache add args [ 'nan@^2.0.5', null ]
108 verbose cache add spec nan@^2.0.5
109 silly cache add parsed spec Result {
109 silly cache add   raw: 'nan@^2.0.5',
109 silly cache add   scope: null,
109 silly cache add   escapedName: 'nan',
109 silly cache add   name: 'nan',
109 silly cache add   rawSpec: '^2.0.5',
109 silly cache add   spec: '>=2.0.5 <3.0.0',
109 silly cache add   type: 'range' }
110 silly addNamed nan@>=2.0.5 <3.0.0
111 verbose addNamed ">=2.0.5 <3.0.0" is a valid semver range for nan
112 silly addNameRange { name: 'nan', range: '>=2.0.5 <3.0.0', hasData: false }
113 silly mapToRegistry name nan
114 silly mapToRegistry using default registry
115 silly mapToRegistry registry https://registry.npmjs.org/
116 silly mapToRegistry data Result {
116 silly mapToRegistry   raw: 'nan',
116 silly mapToRegistry   scope: null,
116 silly mapToRegistry   escapedName: 'nan',
116 silly mapToRegistry   name: 'nan',
116 silly mapToRegistry   rawSpec: '',
116 silly mapToRegistry   spec: 'latest',
116 silly mapToRegistry   type: 'tag' }
117 silly mapToRegistry uri https://registry.npmjs.org/nan
118 verbose addNameRange registry:https://registry.npmjs.org/nan not in flight; fetching
119 verbose get https://registry.npmjs.org/bindings not expired, no request
120 silly addNameRange number 2 { name: 'bindings', range: '>=1.2.0 <1.3.0', hasData: true }
121 silly addNameRange versions [ 'bindings',
121 silly addNameRange   [ '0.0.1',
121 silly addNameRange     '0.1.0',
121 silly addNameRange     '0.1.1',
121 silly addNameRange     '0.2.0',
121 silly addNameRange     '0.2.1',
121 silly addNameRange     '0.2.2',
121 silly addNameRange     '0.2.3',
121 silly addNameRange     '0.2.4',
121 silly addNameRange     '0.3.0',
121 silly addNameRange     '0.4.0',
121 silly addNameRange     '1.0.0',
121 silly addNameRange     '1.1.0',
121 silly addNameRange     '1.1.1',
121 silly addNameRange     '1.2.0',
121 silly addNameRange     '1.2.1' ] ]
122 silly addNamed bindings@1.2.1
123 verbose addNamed "1.2.1" is a plain semver version for bindings
124 verbose get https://registry.npmjs.org/nan not expired, no request
125 silly addNameRange number 2 { name: 'nan', range: '>=2.0.5 <3.0.0', hasData: true }
126 silly addNameRange versions [ 'nan',
126 silly addNameRange   [ '0.3.0-wip',
126 silly addNameRange     '0.3.0-wip2',
126 silly addNameRange     '0.3.0',
126 silly addNameRange     '0.3.1',
126 silly addNameRange     '0.3.2',
126 silly addNameRange     '0.4.0',
126 silly addNameRange     '0.4.1',
126 silly addNameRange     '0.4.2',
126 silly addNameRange     '0.4.3',
126 silly addNameRange     '0.4.4',
126 silly addNameRange     '0.5.0',
126 silly addNameRange     '0.5.1',
126 silly addNameRange     '0.5.2',
126 silly addNameRange     '0.6.0',
126 silly addNameRange     '0.7.0',
126 silly addNameRange     '0.7.1',
126 silly addNameRange     '0.8.0',
126 silly addNameRange     '1.0.0',
126 silly addNameRange     '1.1.0',
126 silly addNameRange     '1.1.1',
126 silly addNameRange     '1.1.2',
126 silly addNameRange     '1.2.0',
126 silly addNameRange     '1.3.0',
126 silly addNameRange     '1.4.0',
126 silly addNameRange     '1.4.1',
126 silly addNameRange     '1.5.0',
126 silly addNameRange     '1.4.2',
126 silly addNameRange     '1.4.3',
126 silly addNameRange     '1.5.1',
126 silly addNameRange     '1.5.2',
126 silly addNameRange     '1.6.0',
126 silly addNameRange     '1.5.3',
126 silly addNameRange     '1.6.1',
126 silly addNameRange     '1.6.2',
126 silly addNameRange     '1.7.0',
126 silly addNameRange     '1.8.0',
126 silly addNameRange     '1.8.1',
126 silly addNameRange     '1.8.2',
126 silly addNameRange     '1.8.3',
126 silly addNameRange     '1.8.4',
126 silly addNameRange     '1.9.0',
126 silly addNameRange     '2.0.0',
126 silly addNameRange     '2.0.1',
126 silly addNameRange     '2.0.2',
126 silly addNameRange     '2.0.3',
126 silly addNameRange     '2.0.4',
126 silly addNameRange     '2.0.5',
126 silly addNameRange     '2.0.6',
126 silly addNameRange     '2.0.7',
126 silly addNameRange     '2.0.8',
126 silly addNameRange     '2.0.9',
126 silly addNameRange     '2.1.0',
126 silly addNameRange     '2.2.0',
126 silly addNameRange     '2.2.1',
126 silly addNameRange     '2.3.0',
126 silly addNameRange     '2.3.1',
126 silly addNameRange     '2.3.2',
126 silly addNameRange     '2.3.3',
126 silly addNameRange     '2.3.4',
126 silly addNameRange     '2.3.5',
126 silly addNameRange     '2.4.0' ] ]
127 silly addNamed nan@2.4.0
128 verbose addNamed "2.4.0" is a plain semver version for nan
129 silly cache afterAdd bindings@1.2.1
130 verbose afterAdd C:\Users\krishnaraju\AppData\Roaming\npm-cache\bindings\1.2.1\package\package.json not in flight; writing
131 verbose correctMkdir C:\Users\krishnaraju\AppData\Roaming\npm-cache correctMkdir not in flight; initializing
132 silly cache afterAdd nan@2.4.0
133 verbose afterAdd C:\Users\krishnaraju\AppData\Roaming\npm-cache\nan\2.4.0\package\package.json not in flight; writing
134 verbose correctMkdir C:\Users\krishnaraju\AppData\Roaming\npm-cache correctMkdir not in flight; initializing
135 verbose afterAdd C:\Users\krishnaraju\AppData\Roaming\npm-cache\bindings\1.2.1\package\package.json written
136 verbose afterAdd C:\Users\krishnaraju\AppData\Roaming\npm-cache\nan\2.4.0\package\package.json written
137 silly loadAllDepsIntoIdealTree Finishing
138 silly loadIdealTree Finishing
139 silly currentTree npm
140 silly idealTree npm
140 silly idealTree `-- bufferutil@1.2.1
140 silly idealTree   +-- bindings@1.2.1
140 silly idealTree   `-- nan@2.4.0
141 silly generateActionsToTake Starting
142 silly install generateActionsToTake
143 silly generateActionsToTake Finishing
144 silly diffTrees action count 3
145 silly diffTrees add bindings@1.2.1
146 silly diffTrees add nan@2.4.0
147 silly diffTrees add bufferutil@1.2.1
148 silly decomposeActions action count 24
149 silly decomposeActions fetch bindings@1.2.1
150 silly decomposeActions extract bindings@1.2.1
151 silly decomposeActions test bindings@1.2.1
152 silly decomposeActions preinstall bindings@1.2.1
153 silly decomposeActions build bindings@1.2.1
154 silly decomposeActions install bindings@1.2.1
155 silly decomposeActions postinstall bindings@1.2.1
156 silly decomposeActions finalize bindings@1.2.1
157 silly decomposeActions fetch nan@2.4.0
158 silly decomposeActions extract nan@2.4.0
159 silly decomposeActions test nan@2.4.0
160 silly decomposeActions preinstall nan@2.4.0
161 silly decomposeActions build nan@2.4.0
162 silly decomposeActions install nan@2.4.0
163 silly decomposeActions postinstall nan@2.4.0
164 silly decomposeActions finalize nan@2.4.0
165 silly decomposeActions fetch bufferutil@1.2.1
166 silly decomposeActions extract bufferutil@1.2.1
167 silly decomposeActions test bufferutil@1.2.1
168 silly decomposeActions preinstall bufferutil@1.2.1
169 silly decomposeActions build bufferutil@1.2.1
170 silly decomposeActions install bufferutil@1.2.1
171 silly decomposeActions postinstall bufferutil@1.2.1
172 silly decomposeActions finalize bufferutil@1.2.1
173 silly runTopLevelLifecycles Starting
174 silly executeActions Starting
175 silly install executeActions
176 silly doSerial global-install 0
177 silly doParallel fetch 3
178 verbose correctMkdir C:\Users\krishnaraju\AppData\Roaming\npm-cache\_locks correctMkdir not in flight; initializing
179 verbose lock using C:\Users\krishnaraju\AppData\Roaming\npm-cache\_locks\staging-972f8cc112d9587c.lock for C:\Users\krishnaraju\AppData\Roaming\npm\node_modules\.staging
180 silly doParallel extract 3
181 silly extract bindings@1.2.1
182 silly extract nan@2.4.0
183 silly extract bufferutil@1.2.1
184 verbose unbuild node_modules\.staging\bindings-7927c45f
185 verbose unbuild node_modules\.staging\nan-3ee57316
186 verbose unbuild node_modules\.staging\bufferutil-ac0dd1b5
187 silly gentlyRm C:\Users\krishnaraju\AppData\Roaming\npm\node_modules\.staging\bindings-7927c45f is being purged from base C:\Users\krishnaraju\AppData\Roaming\npm
188 verbose gentlyRm don't care about contents; nuking C:\Users\krishnaraju\AppData\Roaming\npm\node_modules\.staging\bindings-7927c45f
189 silly gentlyRm C:\Users\krishnaraju\AppData\Roaming\npm\node_modules\.staging\nan-3ee57316 is being purged from base C:\Users\krishnaraju\AppData\Roaming\npm
190 verbose gentlyRm don't care about contents; nuking C:\Users\krishnaraju\AppData\Roaming\npm\node_modules\.staging\nan-3ee57316
191 silly gentlyRm C:\Users\krishnaraju\AppData\Roaming\npm\node_modules\.staging\bufferutil-ac0dd1b5 is being purged from base C:\Users\krishnaraju\AppData\Roaming\npm
192 verbose gentlyRm don't care about contents; nuking C:\Users\krishnaraju\AppData\Roaming\npm\node_modules\.staging\bufferutil-ac0dd1b5
193 verbose tar unpack C:\Users\krishnaraju\AppData\Roaming\npm-cache\bindings\1.2.1\package.tgz
194 verbose tar unpacking to C:\Users\krishnaraju\AppData\Roaming\npm\node_modules\.staging\bindings-7927c45f
195 silly gentlyRm C:\Users\krishnaraju\AppData\Roaming\npm\node_modules\.staging\bindings-7927c45f is being purged
196 verbose gentlyRm don't care about contents; nuking C:\Users\krishnaraju\AppData\Roaming\npm\node_modules\.staging\bindings-7927c45f
197 verbose tar unpack C:\Users\krishnaraju\AppData\Roaming\npm-cache\nan\2.4.0\package.tgz
198 verbose tar unpacking to C:\Users\krishnaraju\AppData\Roaming\npm\node_modules\.staging\nan-3ee57316
199 silly gentlyRm C:\Users\krishnaraju\AppData\Roaming\npm\node_modules\.staging\nan-3ee57316 is being purged
200 verbose gentlyRm don't care about contents; nuking C:\Users\krishnaraju\AppData\Roaming\npm\node_modules\.staging\nan-3ee57316
201 verbose tar unpack C:\Users\krishnaraju\AppData\Roaming\npm-cache\bufferutil\1.2.1\package.tgz
202 verbose tar unpacking to C:\Users\krishnaraju\AppData\Roaming\npm\node_modules\.staging\bufferutil-ac0dd1b5
203 silly gentlyRm C:\Users\krishnaraju\AppData\Roaming\npm\node_modules\.staging\bufferutil-ac0dd1b5 is being purged
204 verbose gentlyRm don't care about contents; nuking C:\Users\krishnaraju\AppData\Roaming\npm\node_modules\.staging\bufferutil-ac0dd1b5
205 silly gunzTarPerm modes [ '777', '666' ]
206 silly gunzTarPerm modes [ '777', '666' ]
207 silly gunzTarPerm modes [ '777', '666' ]
208 silly gunzTarPerm extractEntry package.json
209 silly gunzTarPerm modified mode [ 'package.json', 420, 438 ]
210 silly gunzTarPerm extractEntry package.json
211 silly gunzTarPerm modified mode [ 'package.json', 436, 438 ]
212 silly gunzTarPerm extractEntry package.json
213 silly gunzTarPerm modified mode [ 'package.json', 420, 438 ]
214 silly gunzTarPerm extractEntry README.md
215 silly gunzTarPerm modified mode [ 'README.md', 436, 438 ]
216 silly gunzTarPerm extractEntry README.md
217 silly gunzTarPerm modified mode [ 'README.md', 420, 438 ]
218 silly gunzTarPerm extractEntry bindings.js
219 silly gunzTarPerm modified mode [ 'bindings.js', 420, 438 ]
220 silly gunzTarPerm extractEntry include_dirs.js
221 silly gunzTarPerm modified mode [ 'include_dirs.js', 436, 438 ]
222 silly gunzTarPerm extractEntry .npmignore
223 silly gunzTarPerm modified mode [ '.npmignore', 420, 438 ]
224 silly gunzTarPerm extractEntry README.md
225 silly gunzTarPerm modified mode [ 'README.md', 420, 438 ]
226 silly gunzTarPerm extractEntry nan_callbacks_pre_12_inl.h
227 silly gunzTarPerm modified mode [ 'nan_callbacks_pre_12_inl.h', 436, 438 ]
228 silly gunzTarPerm extractEntry CHANGELOG.md
229 silly gunzTarPerm modified mode [ 'CHANGELOG.md', 436, 438 ]
230 silly gunzTarPerm extractEntry LICENSE.md
231 silly gunzTarPerm modified mode [ 'LICENSE.md', 436, 438 ]
232 silly gunzTarPerm extractEntry fallback.js
233 silly gunzTarPerm modified mode [ 'fallback.js', 420, 438 ]
234 silly gunzTarPerm extractEntry index.js
235 silly gunzTarPerm modified mode [ 'index.js', 420, 438 ]
236 silly gunzTarPerm extractEntry doc/node_misc.md
237 silly gunzTarPerm modified mode [ 'doc/node_misc.md', 436, 438 ]
238 silly gunzTarPerm extractEntry .travis.yml
239 silly gunzTarPerm modified mode [ '.travis.yml', 420, 438 ]
240 silly gunzTarPerm extractEntry binding.gyp
241 silly gunzTarPerm modified mode [ 'binding.gyp', 420, 438 ]
242 silly gunzTarPerm extractEntry doc/asyncworker.md
243 silly gunzTarPerm modified mode [ 'doc/asyncworker.md', 436, 438 ]
244 silly gunzTarPerm extractEntry doc/callback.md
245 silly gunzTarPerm modified mode [ 'doc/callback.md', 436, 438 ]
246 silly gunzTarPerm extractEntry src/bufferutil.cc
247 silly gunzTarPerm modified mode [ 'src/bufferutil.cc', 420, 438 ]
248 silly gunzTarPerm extractEntry doc/converters.md
249 silly gunzTarPerm modified mode [ 'doc/converters.md', 436, 438 ]
250 silly gunzTarPerm extractEntry doc/errors.md
251 silly gunzTarPerm modified mode [ 'doc/errors.md', 436, 438 ]
252 silly gunzTarPerm extractEntry doc/maybe_types.md
253 silly gunzTarPerm modified mode [ 'doc/maybe_types.md', 436, 438 ]
254 silly gunzTarPerm extractEntry doc/methods.md
255 silly gunzTarPerm modified mode [ 'doc/methods.md', 436, 438 ]
256 silly gentlyRm C:\Users\krishnaraju\AppData\Roaming\npm\node_modules\.staging\bindings-7927c45f\node_modules is being purged
257 verbose gentlyRm don't care about contents; nuking C:\Users\krishnaraju\AppData\Roaming\npm\node_modules\.staging\bindings-7927c45f\node_modules
258 silly gunzTarPerm extractEntry doc/new.md
259 silly gunzTarPerm modified mode [ 'doc/new.md', 436, 438 ]
260 silly gunzTarPerm extractEntry doc/buffers.md
261 silly gunzTarPerm modified mode [ 'doc/buffers.md', 436, 438 ]
262 silly gunzTarPerm extractEntry doc/object_wrappers.md
263 silly gunzTarPerm modified mode [ 'doc/object_wrappers.md', 436, 438 ]
264 silly gunzTarPerm extractEntry doc/persistent.md
265 silly gunzTarPerm modified mode [ 'doc/persistent.md', 436, 438 ]
266 silly gunzTarPerm extractEntry doc/scopes.md
267 silly gunzTarPerm modified mode [ 'doc/scopes.md', 436, 438 ]
268 silly gunzTarPerm extractEntry doc/script.md
269 silly gunzTarPerm modified mode [ 'doc/script.md', 436, 438 ]
270 silly gunzTarPerm extractEntry doc/string_bytes.md
271 silly gunzTarPerm modified mode [ 'doc/string_bytes.md', 436, 438 ]
272 silly gunzTarPerm extractEntry doc/v8_internals.md
273 silly gunzTarPerm modified mode [ 'doc/v8_internals.md', 436, 438 ]
274 silly gentlyRm C:\Users\krishnaraju\AppData\Roaming\npm\node_modules\.staging\bufferutil-ac0dd1b5\node_modules is being purged
275 verbose gentlyRm don't care about contents; nuking C:\Users\krishnaraju\AppData\Roaming\npm\node_modules\.staging\bufferutil-ac0dd1b5\node_modules
276 silly gunzTarPerm extractEntry doc/v8_misc.md
277 silly gunzTarPerm modified mode [ 'doc/v8_misc.md', 436, 438 ]
278 silly gunzTarPerm extractEntry nan.h
279 silly gunzTarPerm modified mode [ 'nan.h', 436, 438 ]
280 silly gunzTarPerm extractEntry nan_callbacks.h
281 silly gunzTarPerm modified mode [ 'nan_callbacks.h', 436, 438 ]
282 silly gunzTarPerm extractEntry nan_callbacks_12_inl.h
283 silly gunzTarPerm modified mode [ 'nan_callbacks_12_inl.h', 436, 438 ]
284 silly gunzTarPerm extractEntry nan_converters.h
285 silly gunzTarPerm modified mode [ 'nan_converters.h', 436, 438 ]
286 silly gunzTarPerm extractEntry nan_converters_43_inl.h
287 silly gunzTarPerm modified mode [ 'nan_converters_43_inl.h', 436, 438 ]
288 silly gunzTarPerm extractEntry nan_converters_pre_43_inl.h
289 silly gunzTarPerm modified mode [ 'nan_converters_pre_43_inl.h', 436, 438 ]
290 silly gunzTarPerm extractEntry nan_implementation_12_inl.h
291 silly gunzTarPerm modified mode [ 'nan_implementation_12_inl.h', 436, 438 ]
292 silly gunzTarPerm extractEntry nan_implementation_pre_12_inl.h
293 silly gunzTarPerm modified mode [ 'nan_implementation_pre_12_inl.h', 436, 438 ]
294 silly gunzTarPerm extractEntry nan_maybe_43_inl.h
295 silly gunzTarPerm modified mode [ 'nan_maybe_43_inl.h', 436, 438 ]
296 silly gunzTarPerm extractEntry nan_maybe_pre_43_inl.h
297 silly gunzTarPerm modified mode [ 'nan_maybe_pre_43_inl.h', 436, 438 ]
298 silly gunzTarPerm extractEntry nan_new.h
299 silly gunzTarPerm modified mode [ 'nan_new.h', 436, 438 ]
300 silly gunzTarPerm extractEntry nan_object_wrap.h
301 silly gunzTarPerm modified mode [ 'nan_object_wrap.h', 436, 438 ]
302 silly gunzTarPerm extractEntry nan_persistent_12_inl.h
303 silly gunzTarPerm modified mode [ 'nan_persistent_12_inl.h', 436, 438 ]
304 silly gunzTarPerm extractEntry nan_persistent_pre_12_inl.h
305 silly gunzTarPerm modified mode [ 'nan_persistent_pre_12_inl.h', 436, 438 ]
306 silly gunzTarPerm extractEntry nan_string_bytes.h
307 silly gunzTarPerm modified mode [ 'nan_string_bytes.h', 436, 438 ]
308 silly gunzTarPerm extractEntry nan_typedarray_contents.h
309 silly gunzTarPerm modified mode [ 'nan_typedarray_contents.h', 436, 438 ]
310 silly gunzTarPerm extractEntry nan_weak.h
311 silly gunzTarPerm modified mode [ 'nan_weak.h', 436, 438 ]
312 silly gunzTarPerm extractEntry tools/package.json
313 silly gunzTarPerm modified mode [ 'tools/package.json', 436, 438 ]
314 silly gunzTarPerm extractEntry tools/README.md
315 silly gunzTarPerm modified mode [ 'tools/README.md', 436, 438 ]
316 silly gunzTarPerm extractEntry tools/1to2.js
317 silly gunzTarPerm modified mode [ 'tools/1to2.js', 509, 511 ]
318 silly gentlyRm C:\Users\krishnaraju\AppData\Roaming\npm\node_modules\.staging\nan-3ee57316\node_modules is being purged
319 verbose gentlyRm don't care about contents; nuking C:\Users\krishnaraju\AppData\Roaming\npm\node_modules\.staging\nan-3ee57316\node_modules
320 silly doParallel preinstall 3
321 silly preinstall bindings@1.2.1 C:\Users\krishnaraju\AppData\Roaming\npm\node_modules\.staging\bindings-7927c45f
322 info lifecycle bindings@1.2.1~preinstall: bindings@1.2.1
323 silly preinstall nan@2.4.0 C:\Users\krishnaraju\AppData\Roaming\npm\node_modules\.staging\nan-3ee57316
324 info lifecycle nan@2.4.0~preinstall: nan@2.4.0
325 silly preinstall bufferutil@1.2.1 C:\Users\krishnaraju\AppData\Roaming\npm\node_modules\.staging\bufferutil-ac0dd1b5
326 info lifecycle bufferutil@1.2.1~preinstall: bufferutil@1.2.1
327 silly lifecycle bindings@1.2.1~preinstall: no script for preinstall, continuing
328 silly lifecycle nan@2.4.0~preinstall: no script for preinstall, continuing
329 silly lifecycle bufferutil@1.2.1~preinstall: no script for preinstall, continuing
330 silly doReverseSerial remove 0
331 silly doSerial move 0
332 silly doSerial finalize 3
333 silly finalize C:\Users\krishnaraju\AppData\Roaming\npm\node_modules\bufferutil\node_modules\bindings
334 silly finalize C:\Users\krishnaraju\AppData\Roaming\npm\node_modules\bufferutil\node_modules\nan
335 silly finalize C:\Users\krishnaraju\AppData\Roaming\npm\node_modules\bufferutil
336 silly doSerial build 3
337 silly build bindings@1.2.1
338 info linkStuff bindings@1.2.1
339 silly linkStuff bindings@1.2.1 has C:\Users\krishnaraju\AppData\Roaming\npm\node_modules\bufferutil\node_modules as its parent node_modules
340 silly linkStuff bindings@1.2.1 is part of a global install
341 silly linkStuff bindings@1.2.1 is installed into a global node_modules
342 verbose linkBins bindings@1.2.1
343 verbose linkMans bindings@1.2.1
344 silly build nan@2.4.0
345 info linkStuff nan@2.4.0
346 silly linkStuff nan@2.4.0 has C:\Users\krishnaraju\AppData\Roaming\npm\node_modules\bufferutil\node_modules as its parent node_modules
347 silly linkStuff nan@2.4.0 is part of a global install
348 silly linkStuff nan@2.4.0 is installed into a global node_modules
349 verbose linkBins nan@2.4.0
350 verbose linkMans nan@2.4.0
351 silly build bufferutil@1.2.1
352 info linkStuff bufferutil@1.2.1
353 silly linkStuff bufferutil@1.2.1 has C:\Users\krishnaraju\AppData\Roaming\npm\node_modules as its parent node_modules
354 silly linkStuff bufferutil@1.2.1 is part of a global install
355 silly linkStuff bufferutil@1.2.1 is installed into a global node_modules
356 silly linkStuff bufferutil@1.2.1 is installed into the top-level global node_modules
357 verbose linkBins bufferutil@1.2.1
358 verbose linkMans bufferutil@1.2.1
359 silly doSerial global-link 0
360 silly doParallel update-linked 0
361 silly doSerial install 3
362 silly install bindings@1.2.1 C:\Users\krishnaraju\AppData\Roaming\npm\node_modules\.staging\bindings-7927c45f
363 info lifecycle bindings@1.2.1~install: bindings@1.2.1
364 silly lifecycle bindings@1.2.1~install: no script for install, continuing
365 silly install nan@2.4.0 C:\Users\krishnaraju\AppData\Roaming\npm\node_modules\.staging\nan-3ee57316
366 info lifecycle nan@2.4.0~install: nan@2.4.0
367 silly lifecycle nan@2.4.0~install: no script for install, continuing
368 silly install bufferutil@1.2.1 C:\Users\krishnaraju\AppData\Roaming\npm\node_modules\.staging\bufferutil-ac0dd1b5
369 info lifecycle bufferutil@1.2.1~install: bufferutil@1.2.1
370 verbose lifecycle bufferutil@1.2.1~install: unsafe-perm in lifecycle true
371 verbose lifecycle bufferutil@1.2.1~install: PATH: C:\Users\krishnaraju\AppData\Roaming\npm\node_modules\npm\bin\node-gyp-bin;C:\Users\krishnaraju\AppData\Roaming\npm\node_modules\bufferutil\node_modules\.bin;C:\Users\krishnaraju\AppData\Roaming\npm\node_modules\.bin;F:\oraclexe\app\oracle\product\11.2.0\server\bin;C:\ProgramData\Oracle\Java\javapath;C:\Windows\system32;C:\Windows;C:\Windows\system32\wbem;C:\Windows\system32\windowspowershell\v1.0\;c:\program files\ibm\gsk8\lib64;c:\program files (x86)\ibm\gsk8\lib;C:\Program Files\TortoiseSVN\bin;C:\Program Files (x86)\NVIDIA Corporation\PhysX\Common;C:\Program Files (x86)\Microsoft SQL Server\100\Tools\Binn\;C:\Program Files (x86)\Microsoft SQL Server\100\DTS\Binn\;D:\nodejs;D:\nodejs\node_modules\npm\bin;C:\Users\krishnaraju\AppData\Roaming\npm\node_modules\.bin;C:\Python27;C:\Users\krishnaraju\AppData\Local\Programs\Git\cmd;C:\Program Files (x86)\MSBuild\12.0\Bin;D:\IBM\BPM\v8.5\db2\java\db2jcc.jar;D:\ant\apache-ant-1.9.6\bin;D:\curl;C:\Program Files (x86)\Skype\Phone\;D:\IBM\BPM\v8.5\java\jre\bin;C:\Datacap\dcshared;D:\IBM\BPM\v8.5\db2\BIN;D:\IBM\BPM\v8.5\db2\FUNCTION;D:\IBM\BPM\v8.5\db2\SAMPLES\REPL;C:\WINDOWS\system32;C:\WINDOWS;C:\WINDOWS\System32\Wbem;C:\WINDOWS\System32\WindowsPowerShell\v1.0\;D:\android-sdk-windows;D:\android-sdk-windows\tools;D:\android-sdk-windows\platform-tools;D:\Java\jdk1.8.0_65\bin;C:\Program Files (x86)\MSBuild\14.0\Bin;C:\Program Files (x86)\MSBuild\Microsoft.Cpp\v4.0\V140;C:\Program Files (x86)\Microsoft Visual Studio 14.0\VC\bin;C:\Program Files (x86)\MSBuild\14.0\Bin\MSBuild.exe;D:\apache-maven-3.3.9\bin;D:\android-sdk-windows\platform-tools;C:\Users\krishnaraju\AppData\Roaming\npm\node_modules;C:\Users\krishnaraju\AppData\Roaming\npm\node_modules\npm\node_modules;%NODE_HOME%\;C:\Users\krishnaraju\AppData\Roaming\npm\node_modules\require\node_modules;C:\Program Files\Microsoft SQL Server\110\Tools\Binn\;C:\Program Files (x86)\Windows Kits\10\Windows Performance Toolkit\;C:\Program Files (x86)\Windows Kits\8.0\Windows Performance Toolkit\;D:\nodejs\;C:\Users\krishnaraju\AppData\Local\atom\bin;C:\Users\krishnaraju\AppData\Roaming\npm
372 verbose lifecycle bufferutil@1.2.1~install: CWD: C:\Users\krishnaraju\AppData\Roaming\npm\node_modules\bufferutil
373 silly lifecycle bufferutil@1.2.1~install: Args: [ '/d /s /c', 'node-gyp rebuild' ]
374 silly lifecycle bufferutil@1.2.1~install: Returned: code: 1  signal: null
375 info lifecycle bufferutil@1.2.1~install: Failed to exec install script
376 verbose unlock done using C:\Users\krishnaraju\AppData\Roaming\npm-cache\_locks\staging-972f8cc112d9587c.lock for C:\Users\krishnaraju\AppData\Roaming\npm\node_modules\.staging
377 silly rollbackFailedOptional Starting
378 silly rollbackFailedOptional Finishing
379 silly runTopLevelLifecycles Finishing
380 silly install printInstalled
381 verbose stack Error: bufferutil@1.2.1 install: `node-gyp rebuild`
381 verbose stack Exit status 1
381 verbose stack     at EventEmitter.<anonymous> (C:\Users\krishnaraju\AppData\Roaming\npm\node_modules\npm\lib\utils\lifecycle.js:255:16)
381 verbose stack     at emitTwo (events.js:106:13)
381 verbose stack     at EventEmitter.emit (events.js:191:7)
381 verbose stack     at ChildProcess.<anonymous> (C:\Users\krishnaraju\AppData\Roaming\npm\node_modules\npm\lib\utils\spawn.js:40:14)
381 verbose stack     at emitTwo (events.js:106:13)
381 verbose stack     at ChildProcess.emit (events.js:191:7)
381 verbose stack     at maybeClose (internal/child_process.js:877:16)
381 verbose stack     at Process.ChildProcess._handle.onexit (internal/child_process.js:226:5)
382 verbose pkgid bufferutil@1.2.1
383 verbose cwd D:\rashiewaste
384 error Windows_NT 10.0.10586
385 error argv "D:\\nodejs\\node.exe" "C:\\Users\\krishnaraju\\AppData\\Roaming\\npm\\node_modules\\npm\\bin\\npm-cli.js" "install" "-g" "bufferutil" "--save"
386 error node v6.8.1
387 error npm  v3.10.9
388 error code ELIFECYCLE
389 error bufferutil@1.2.1 install: `node-gyp rebuild`
389 error Exit status 1
390 error Failed at the bufferutil@1.2.1 install script 'node-gyp rebuild'.
390 error Make sure you have the latest version of node.js and npm installed.
390 error If you do, this is most likely a problem with the bufferutil package,
390 error not with npm itself.
390 error Tell the author that this fails on your system:
390 error     node-gyp rebuild
390 error You can get information on how to open an issue for this project with:
390 error     npm bugs bufferutil
390 error Or if that isn't available, you can get their info via:
390 error     npm owner ls bufferutil
390 error There is likely additional logging output above.
391 verbose exit [ 1, true ]
